make all --print-data-base --no-builtin-variables --no-builtin-rules --question
make: *** No rule to make target 'src/parser.y', needed by 'parser.c'.  Stop.
 
# GNU Make 4.2.1
# Built for x86_64-pc-linux-gnu
# Copyright (C) 1988-2016 Free Software Foundation, Inc.
# License GPLv3+: GNU GPL version 3 or later <http://gnu.org/licenses/gpl.html>
# This is free software: you are free to change and redistribute it.
# There is NO WARRANTY, to the extent permitted by law.

# Make data base, printed on Tue Jan 11 23:52:59 2022

# Variables

# 'override' directive
GNUMAKEFLAGS := 
# automatic
<D = $(patsubst %/,%,$(dir $<))
# automatic
?F = $(notdir $?)
# environment
DESKTOP_SESSION = ubuntu
# default
.SHELLFLAGS := -c
# environment
XDG_SESSION_CLASS = user
# makefile (from 'Makefile', line 4)
SRC = ./src
# environment
XDG_SESSION_TYPE = x11
# environment
VSCODE_LOG_NATIVE = false
# automatic
?D = $(patsubst %/,%,$(dir $?))
# environment
GRADLE_HOME = /opt/gradle/latest
# environment
IM_CONFIG_PHASE = 1
# automatic
@D = $(patsubst %/,%,$(dir $@))
# environment
XAUTHORITY = /run/user/1000/gdm/Xauthority
# environment
GDMSESSION = ubuntu
# environment
XMODIFIERS = @im=ibus
# makefile
CURDIR := /home/chrissleong/Documents/NL4DbC/Tool/framework/1_nl2dbc/hol2jml/h2jc
# makefile
SHELL = /bin/sh
# makefile (from 'Makefile', line 6)
BIN = ./bin
# environment
VSCODE_NLS_CONFIG = {"locale":"en-us","availableLanguages":{},"_languagePackSupport":true}
# environment
_ = /usr/share/code/code
# makefile (from 'Makefile', line 8)
CFLAGS = -g -Wall -ansi -pedantic -I$(INCL) -std=c99 -D_POSIX_C_SOURCE=200809L
# makefile (from 'Makefile', line 3)
BCC = bison
# environment
JOURNAL_STREAM = 8:58936
# environment
XDG_CONFIG_DIRS = /etc/xdg/xdg-ubuntu:/etc/xdg
# makefile (from 'Makefile', line 1)
MAKEFILE_LIST :=  Makefile
# makefile (from 'Makefile', line 2)
FCC = flex
# automatic
@F = $(notdir $@)
# environment
GIO_LAUNCHED_DESKTOP_FILE = /usr/share/applications/code.desktop
# environment
USERNAME = chrissleong
# environment
XDG_DATA_DIRS = /usr/share/ubuntu:/usr/local/share/:/usr/share/:/var/lib/snapd/desktop
# environment
DBUS_SESSION_BUS_ADDRESS = unix:path=/run/user/1000/bus
# environment
VSCODE_VERBOSE_LOGGING = true
# makefile (from 'Makefile', line 9)
OBJS = parser.o lex.o ast.o util.o
# environment
MANAGERPID = 1746
# environment
LESSOPEN = | /usr/bin/lesspipe %s
# environment
VSCODE_CWD = /home/chrissleong
# default
MAKE_HOST := x86_64-pc-linux-gnu
# environment
PATH = /home/chrissleong/.local/bin:/home/chrissleong/bin:/opt/gradle/latest/bin:/home/chrissleong/.local/bin:/home/chrissleong/bin:/usr/local/sbin:/usr/local/bin:/usr/sbin:/usr/bin:/sbin:/bin:/usr/games:/usr/local/games:/snap/bin:/home/chrissleong/bin/sonar-scanner-4.6.2.2472-linux/bin:/opt/gradle/gradle-7.2/bin:/home/chrissleong/bin/sonar-scanner-4.6.2.2472-linux/bin:/opt/gradle/gradle-7.2/bin
# environment
GPG_AGENT_INFO = /run/user/1000/gnupg/S.gpg-agent:0:1
# environment
SESSION_MANAGER = local/ubuntu:@/tmp/.ICE-unix/1955,unix/ubuntu:/tmp/.ICE-unix/1955
# environment
XDG_RUNTIME_DIR = /run/user/1000
# environment
XDG_MENU_PREFIX = gnome-
# environment
VSCODE_LOG_STACK = false
# environment
VSCODE_CRASH_REPORTER_START_OPTIONS = {"companyName":"Microsoft","productName":"VSCode","submitURL":"appcenter://code?aid=fba07a4d-84bd-4fc8-a125-9640fc8ce171&uid=60be07b5-0446-43c9-92ad-faa01d701c4a&iid=60be07b5-0446-43c9-92ad-faa01d701c4a&sid=60be07b5-0446-43c9-92ad-faa01d701c4a","uploadToServer":true}
# environment
INVOCATION_ID = 97e5ad63ab534a48a9de4b8d8c939b6d
# default
.FEATURES := target-specific order-only second-expansion else-if shortest-stem undefine oneshell archives jobserver output-sync check-symlink load
# environment
LS_COLORS = 
# environment
XDG_SESSION_DESKTOP = ubuntu
# environment
SSH_AUTH_SOCK = /run/user/1000/keyring/ssh
# environment
GIO_LAUNCHED_DESKTOP_FILE_PID = 127557
# automatic
%F = $(notdir $%)
# environment
DISPLAY = :0
# environment
VSCODE_PIPE_LOGGING = true
# environment
PWD = /home/chrissleong/Documents/NL4DbC/Tool/framework/1_nl2dbc/hol2jml/h2jc
# default
.LOADED := 
# environment
SSH_AGENT_PID = 1916
# environment
ORIGINAL_XDG_CURRENT_DESKTOP = ubuntu:GNOME
# environment
GTK_MODULES = gail:atk-bridge
# environment
VSCODE_AMD_ENTRYPOINT = vs/workbench/services/extensions/node/extensionHostProcess
# environment
HOME = /home/chrissleong
# environment
LESSCLOSE = /usr/bin/lesspipe %s %s
# environment
VSCODE_CODE_CACHE_PATH = /home/chrissleong/.config/Code/CachedData/ccbaa2d27e38e5afa3e5c21c1c7bef4657064247
# environment
LOGNAME = chrissleong
# environment
APPLICATION_INSIGHTS_NO_DIAGNOSTIC_CHANNEL = true
# environment
VSCODE_HANDLES_UNCAUGHT_ERRORS = true
# environment
GNOME_DESKTOP_SESSION_ID = this-is-deprecated
# automatic
^D = $(patsubst %/,%,$(dir $^))
# environment
MAKELEVEL := 0
# default
MAKE = $(MAKE_COMMAND)
# default
MAKECMDGOALS := all
# environment
QT_IM_MODULE = ibus
# environment
SHLVL = 0
# makefile (from 'Makefile', line 1)
CC = cc
# environment
GNOME_SHELL_SESSION_MODE = ubuntu
# environment
VSCODE_IPC_HOOK_EXTHOST = /run/user/1000/vscode-ipc-07f1f37e-de76-44b7-ad44-0e46bfbf67aa.sock
# default
MAKE_VERSION := 4.2.1
# environment
USER = chrissleong
# makefile
.DEFAULT_GOAL := all
# environment
XDG_CURRENT_DESKTOP = Unity
# automatic
%D = $(patsubst %/,%,$(dir $%))
# default
MAKE_COMMAND := make
# makefile (from 'Makefile', line 7)
INCL = ./include
# default
.VARIABLES := 
# automatic
*F = $(notdir $*)
# environment
VSCODE_IPC_HOOK = /run/user/1000/vscode-aee88e7f-1.62.3-main.sock
# makefile
MAKEFLAGS = pqrR
# environment
MFLAGS = -pqrR
# automatic
*D = $(patsubst %/,%,$(dir $*))
# environment
BREAKPAD_DUMP_LOCATION = /home/chrissleong/.config/Code/exthost Crash Reports
# automatic
+D = $(patsubst %/,%,$(dir $+))
# environment
GDK_BACKEND = x11
# automatic
+F = $(notdir $+)
# environment
QT_ACCESSIBILITY = 1
# default
MAKEFILES := 
# makefile (from 'Makefile', line 5)
BUILD = ./build
# automatic
<F = $(notdir $<)
# environment
ELECTRON_RUN_AS_NODE = 1
# environment
LC_ALL = C
# environment
GJS_DEBUG_TOPICS = JS ERROR;JS LOG
# automatic
^F = $(notdir $^)
# default
SUFFIXES := 
# environment
CHROME_DESKTOP = code-url-handler.desktop
# environment
WINDOWPATH = 2
# default
.INCLUDE_DIRS = /usr/include /usr/local/include /usr/include
# environment
GJS_DEBUG_OUTPUT = stderr
# default
.RECIPEPREFIX := 
# environment
LANG = C
# environment
VSCODE_PID = 127557
# variable set hash-table stats:
# Load=109/1024=11%, Rehash=0, Collisions=16/145=11%

# Pattern-specific Variable Values

# No pattern-specific variable values.

# Directories

# . (device 2053, inode 2632275): 10 files, no impossibilities.

# 10 files, no impossibilities in 1 directories.

# Implicit Rules

# No implicit rules.

# Files

sym_table.o: src/sym_table.cpp include/h2jc.h include/sym.h
#  Implicit rule search has not been done.
#  Modification time never checked.
#  File has not been updated.
#  recipe to execute (from 'Makefile', line 34):
		$(CC) $(CFLAGS) -c -o $(BUILD)/sym_table.o $<
	

# Not a target:
include/util.h:
#  Implicit rule search has not been done.
#  Modification time never checked.
#  File has not been updated.

# Not a target:
src/util.c:
#  Implicit rule search has not been done.
#  Modification time never checked.
#  File has not been updated.

all: h2jc
#  Command line target.
#  Implicit rule search has been done.
#  File does not exist.
#  File has not been updated.

# Not a target:
Makefile:
#  Implicit rule search has been done.
#  Last modified 2022-01-06 01:53:27.569312491
#  File has been updated.
#  Successfully updated.

h2jc: parser.o lex.o ast.o util.o
#  Implicit rule search has not been done.
#  File does not exist.
#  File has not been updated.
#  recipe to execute (from 'Makefile', line 14):
	$(CC) $(CFLAGS) $(addprefix $(BUILD)/, $(OBJS)) -o $(BIN)/h2jc -ll

# Not a target:
src/sym_table.cpp:
#  Implicit rule search has not been done.
#  Modification time never checked.
#  File has not been updated.

# Not a target:
include/ast.h:
#  Implicit rule search has not been done.
#  Modification time never checked.
#  File has not been updated.

# Not a target:
src/ast.c:
#  Implicit rule search has not been done.
#  Modification time never checked.
#  File has not been updated.

parser.o: parser.c include/h2jc.h include/sym.h
#  Implicit rule search has not been done.
#  File does not exist.
#  File has not been updated.
#  recipe to execute (from 'Makefile', line 26):
		$(CC) $(CFLAGS) -c $(BUILD)/parser.c -o $(BUILD)/parser.o

# Not a target:
build/tok.h:
#  Implicit rule search has not been done.
#  Modification time never checked.
#  File has not been updated.

# Not a target:
.DEFAULT:
#  Implicit rule search has not been done.
#  Modification time never checked.
#  File has not been updated.

parser.only: include/ast.h
#  Implicit rule search has not been done.
#  Modification time never checked.
#  File has not been updated.

# Not a target:
include/sym.h:
#  Implicit rule search has not been done.
#  Modification time never checked.
#  File has not been updated.

ast.o: src/ast.c include/ast.h
#  Implicit rule search has not been done.
#  Modification time never checked.
#  File has not been updated.
#  recipe to execute (from 'Makefile', line 37):
		$(CC) $(CFLAGS) -c -o $(BUILD)/ast.o $<

clean:
#  Implicit rule search has not been done.
#  Modification time never checked.
#  File has not been updated.
#  recipe to execute (from 'Makefile', line 48):
	rm $(BUILD)/*
	

lex.o: lex include/h2jc.h include/sym.h build/tok.h
#  Implicit rule search has not been done.
#  Modification time never checked.
#  File has not been updated.
#  recipe to execute (from 'Makefile', line 23):
	$(CC) $(CFLAGS) -c $(BUILD)/lex.yy.c -o $(BUILD)/lex.o
 

lex:
#  Implicit rule search has not been done.
#  Modification time never checked.
#  File has not been updated.
#  recipe to execute (from 'Makefile', line 20):
	$(FCC) -o $(BUILD)/lex.yy.c $(SRC)/lex.l

lex-only: lex
#  Implicit rule search has not been done.
#  Modification time never checked.
#  File has not been updated.
#  recipe to execute (from 'Makefile', line 17):
	$(CC) $(BUILD)/lex.yy.c -ll -o $(BIN)/lex.o

# Not a target:
include/h2jc.h:
#  Implicit rule search has not been done.
#  Modification time never checked.
#  File has not been updated.

parser.c: src/parser.y
#  Implicit rule search has not been done.
#  File does not exist.
#  File has not been updated.
#  recipe to execute (from 'Makefile', line 29):
		$(BCC) -d -v $(SRC)/parser.y
		mv parser.tab.c $(BUILD)/parser.c
		cmp -s parser.tab.h $(BUILD)/tok.h || mv parser.tab.h $(BUILD)/tok.h

util.o: src/util.c include/util.h
#  Implicit rule search has not been done.
#  Modification time never checked.
#  File has not been updated.
#  recipe to execute (from 'Makefile', line 40):
		$(CC) $(CFLAGS) -c -o $(BUILD)/util.o $<

# Not a target:
src/parser.y:
#  Implicit rule search has been done.
#  File does not exist.
#  File has not been updated.

# files hash-table stats:
# Load=24/1024=2%, Rehash=0, Collisions=0/66=0%
# VPATH Search Paths

# No 'vpath' search paths.

# No general ('VPATH' variable) search path.

# strcache buffers: 1 (0) / strings = 35 / storage = 332 B / avg = 9 B
# current buf: size = 8162 B / used = 332 B / count = 35 / avg = 9 B

# strcache performance: lookups = 73 / hit rate = 52%
# hash-table stats:
# Load=35/8192=0%, Rehash=0, Collisions=1/73=1%
# Finished Make data base on Tue Jan 11 23:52:59 2022

 
