Grammar

    0 $accept: formula $end

    1 formula: terms

    2 terms: terms connective term
    3      | terms connective '(' term ')'
    4      | terms connective NEG term
    5      | terms connective NEG '(' term ')'
    6      | term
    7      | NEG term
    8      | NEG '(' term ')'

    9 term: predicate_term
   10     | quantified_term
   11     | grammar_term
   12     | KEYWORD_TRUEP
   13     | IDENTIFIER EQUAL IDENTIFIER

   14 connective: AND
   15           | EQUIV
   16           | IMPLY
   17           | OR

   18 grammar_term: TAG '(' arguments ')'

   19 predicate_term: PREDICATE '{' TAG '}' '(' arguments ')'
   20               | PREDICATE '{' TAG '}' '(' '(' terms ')' ')'

   21 arguments: arguments COMMA argument
   22          | argument

   23 argument: IDENTIFIER
   24         | terms

   25 quantified_term: KEYWORD_QUANTIFIER IDENTIFIER '.' '(' terms ')'


Terminals, with rules where they appear

    $end (0) 0
    '(' <t> (40) 3 5 8 18 19 20 25
    ')' <t> (41) 3 5 8 18 19 20 25
    '.' <t> (46) 25
    '{' <t> (123) 19 20
    '}' <t> (125) 19 20
    error (256)
    PREDICATE <t> (258) 19 20
    IDENTIFIER <t> (259) 13 23 25
    KEYWORD_TRUEP <t> (260) 12
    NEG <t> (261) 4 5 7 8
    COMMA <t> (262) 21
    EQUAL <t> (263) 13
    AND <t> (264) 14
    OR <t> (265) 17
    IMPLY <t> (266) 16
    EQUIV <t> (267) 15
    KEYWORD_QUANTIFIER <t> (268) 25
    TAG <t> (269) 18 19 20


Nonterminals, with rules where they appear

    $accept (20)
        on left: 0
    formula (21)
        on left: 1
        on right: 0
    terms <node> (22)
        on left: 2 3 4 5 6 7 8
        on right: 1 2 3 4 5 20 24 25
    term <node> (23)
        on left: 9 10 11 12 13
        on right: 2 3 4 5 6 7 8
    connective <conntype> (24)
        on left: 14 15 16 17
        on right: 2 3 4 5
    grammar_term <node> (25)
        on left: 18
        on right: 11
    predicate_term <node> (26)
        on left: 19 20
        on right: 9
    arguments <nodelist> (27)
        on left: 21 22
        on right: 18 19 21
    argument <node> (28)
        on left: 23 24
        on right: 21 22
    quantified_term <node> (29)
        on left: 25
        on right: 10


State 0

    0 $accept: • formula $end

    PREDICATE           shift, and go to state 1
    IDENTIFIER          shift, and go to state 2
    KEYWORD_TRUEP       shift, and go to state 3
    NEG                 shift, and go to state 4
    KEYWORD_QUANTIFIER  shift, and go to state 5
    TAG                 shift, and go to state 6

    formula          go to state 7
    terms            go to state 8
    term             go to state 9
    grammar_term     go to state 10
    predicate_term   go to state 11
    quantified_term  go to state 12


State 1

   19 predicate_term: PREDICATE • '{' TAG '}' '(' arguments ')'
   20               | PREDICATE • '{' TAG '}' '(' '(' terms ')' ')'

    '{'  shift, and go to state 13


State 2

   13 term: IDENTIFIER • EQUAL IDENTIFIER

    EQUAL  shift, and go to state 14


State 3

   12 term: KEYWORD_TRUEP •

    $default  reduce using rule 12 (term)


State 4

    7 terms: NEG • term
    8      | NEG • '(' term ')'

    PREDICATE           shift, and go to state 1
    IDENTIFIER          shift, and go to state 2
    KEYWORD_TRUEP       shift, and go to state 3
    '('                 shift, and go to state 15
    KEYWORD_QUANTIFIER  shift, and go to state 5
    TAG                 shift, and go to state 6

    term             go to state 16
    grammar_term     go to state 10
    predicate_term   go to state 11
    quantified_term  go to state 12


State 5

   25 quantified_term: KEYWORD_QUANTIFIER • IDENTIFIER '.' '(' terms ')'

    IDENTIFIER  shift, and go to state 17


State 6

   18 grammar_term: TAG • '(' arguments ')'

    '('  shift, and go to state 18


State 7

    0 $accept: formula • $end

    $end  shift, and go to state 19


State 8

    1 formula: terms •
    2 terms: terms • connective term
    3      | terms • connective '(' term ')'
    4      | terms • connective NEG term
    5      | terms • connective NEG '(' term ')'

    AND    shift, and go to state 20
    OR     shift, and go to state 21
    IMPLY  shift, and go to state 22
    EQUIV  shift, and go to state 23

    $default  reduce using rule 1 (formula)

    connective  go to state 24


State 9

    6 terms: term •

    $default  reduce using rule 6 (terms)


State 10

   11 term: grammar_term •

    $default  reduce using rule 11 (term)


State 11

    9 term: predicate_term •

    $default  reduce using rule 9 (term)


State 12

   10 term: quantified_term •

    $default  reduce using rule 10 (term)


State 13

   19 predicate_term: PREDICATE '{' • TAG '}' '(' arguments ')'
   20               | PREDICATE '{' • TAG '}' '(' '(' terms ')' ')'

    TAG  shift, and go to state 25


State 14

   13 term: IDENTIFIER EQUAL • IDENTIFIER

    IDENTIFIER  shift, and go to state 26


State 15

    8 terms: NEG '(' • term ')'

    PREDICATE           shift, and go to state 1
    IDENTIFIER          shift, and go to state 2
    KEYWORD_TRUEP       shift, and go to state 3
    KEYWORD_QUANTIFIER  shift, and go to state 5
    TAG                 shift, and go to state 6

    term             go to state 27
    grammar_term     go to state 10
    predicate_term   go to state 11
    quantified_term  go to state 12


State 16

    7 terms: NEG term •

    $default  reduce using rule 7 (terms)


State 17

   25 quantified_term: KEYWORD_QUANTIFIER IDENTIFIER • '.' '(' terms ')'

    '.'  shift, and go to state 28


State 18

   18 grammar_term: TAG '(' • arguments ')'

    PREDICATE           shift, and go to state 1
    IDENTIFIER          shift, and go to state 29
    KEYWORD_TRUEP       shift, and go to state 3
    NEG                 shift, and go to state 4
    KEYWORD_QUANTIFIER  shift, and go to state 5
    TAG                 shift, and go to state 6

    terms            go to state 30
    term             go to state 9
    grammar_term     go to state 10
    predicate_term   go to state 11
    arguments        go to state 31
    argument         go to state 32
    quantified_term  go to state 12


State 19

    0 $accept: formula $end •

    $default  accept


State 20

   14 connective: AND •

    $default  reduce using rule 14 (connective)


State 21

   17 connective: OR •

    $default  reduce using rule 17 (connective)


State 22

   16 connective: IMPLY •

    $default  reduce using rule 16 (connective)


State 23

   15 connective: EQUIV •

    $default  reduce using rule 15 (connective)


State 24

    2 terms: terms connective • term
    3      | terms connective • '(' term ')'
    4      | terms connective • NEG term
    5      | terms connective • NEG '(' term ')'

    PREDICATE           shift, and go to state 1
    IDENTIFIER          shift, and go to state 2
    KEYWORD_TRUEP       shift, and go to state 3
    NEG                 shift, and go to state 33
    '('                 shift, and go to state 34
    KEYWORD_QUANTIFIER  shift, and go to state 5
    TAG                 shift, and go to state 6

    term             go to state 35
    grammar_term     go to state 10
    predicate_term   go to state 11
    quantified_term  go to state 12


State 25

   19 predicate_term: PREDICATE '{' TAG • '}' '(' arguments ')'
   20               | PREDICATE '{' TAG • '}' '(' '(' terms ')' ')'

    '}'  shift, and go to state 36


State 26

   13 term: IDENTIFIER EQUAL IDENTIFIER •

    $default  reduce using rule 13 (term)


State 27

    8 terms: NEG '(' term • ')'

    ')'  shift, and go to state 37


State 28

   25 quantified_term: KEYWORD_QUANTIFIER IDENTIFIER '.' • '(' terms ')'

    '('  shift, and go to state 38


State 29

   13 term: IDENTIFIER • EQUAL IDENTIFIER
   23 argument: IDENTIFIER •

    EQUAL  shift, and go to state 14

    $default  reduce using rule 23 (argument)


State 30

    2 terms: terms • connective term
    3      | terms • connective '(' term ')'
    4      | terms • connective NEG term
    5      | terms • connective NEG '(' term ')'
   24 argument: terms •

    AND    shift, and go to state 20
    OR     shift, and go to state 21
    IMPLY  shift, and go to state 22
    EQUIV  shift, and go to state 23

    $default  reduce using rule 24 (argument)

    connective  go to state 24


State 31

   18 grammar_term: TAG '(' arguments • ')'
   21 arguments: arguments • COMMA argument

    COMMA  shift, and go to state 39
    ')'    shift, and go to state 40


State 32

   22 arguments: argument •

    $default  reduce using rule 22 (arguments)


State 33

    4 terms: terms connective NEG • term
    5      | terms connective NEG • '(' term ')'

    PREDICATE           shift, and go to state 1
    IDENTIFIER          shift, and go to state 2
    KEYWORD_TRUEP       shift, and go to state 3
    '('                 shift, and go to state 41
    KEYWORD_QUANTIFIER  shift, and go to state 5
    TAG                 shift, and go to state 6

    term             go to state 42
    grammar_term     go to state 10
    predicate_term   go to state 11
    quantified_term  go to state 12


State 34

    3 terms: terms connective '(' • term ')'

    PREDICATE           shift, and go to state 1
    IDENTIFIER          shift, and go to state 2
    KEYWORD_TRUEP       shift, and go to state 3
    KEYWORD_QUANTIFIER  shift, and go to state 5
    TAG                 shift, and go to state 6

    term             go to state 43
    grammar_term     go to state 10
    predicate_term   go to state 11
    quantified_term  go to state 12


State 35

    2 terms: terms connective term •

    $default  reduce using rule 2 (terms)


State 36

   19 predicate_term: PREDICATE '{' TAG '}' • '(' arguments ')'
   20               | PREDICATE '{' TAG '}' • '(' '(' terms ')' ')'

    '('  shift, and go to state 44


State 37

    8 terms: NEG '(' term ')' •

    $default  reduce using rule 8 (terms)


State 38

   25 quantified_term: KEYWORD_QUANTIFIER IDENTIFIER '.' '(' • terms ')'

    PREDICATE           shift, and go to state 1
    IDENTIFIER          shift, and go to state 2
    KEYWORD_TRUEP       shift, and go to state 3
    NEG                 shift, and go to state 4
    KEYWORD_QUANTIFIER  shift, and go to state 5
    TAG                 shift, and go to state 6

    terms            go to state 45
    term             go to state 9
    grammar_term     go to state 10
    predicate_term   go to state 11
    quantified_term  go to state 12


State 39

   21 arguments: arguments COMMA • argument

    PREDICATE           shift, and go to state 1
    IDENTIFIER          shift, and go to state 29
    KEYWORD_TRUEP       shift, and go to state 3
    NEG                 shift, and go to state 4
    KEYWORD_QUANTIFIER  shift, and go to state 5
    TAG                 shift, and go to state 6

    terms            go to state 30
    term             go to state 9
    grammar_term     go to state 10
    predicate_term   go to state 11
    argument         go to state 46
    quantified_term  go to state 12


State 40

   18 grammar_term: TAG '(' arguments ')' •

    $default  reduce using rule 18 (grammar_term)


State 41

    5 terms: terms connective NEG '(' • term ')'

    PREDICATE           shift, and go to state 1
    IDENTIFIER          shift, and go to state 2
    KEYWORD_TRUEP       shift, and go to state 3
    KEYWORD_QUANTIFIER  shift, and go to state 5
    TAG                 shift, and go to state 6

    term             go to state 47
    grammar_term     go to state 10
    predicate_term   go to state 11
    quantified_term  go to state 12


State 42

    4 terms: terms connective NEG term •

    $default  reduce using rule 4 (terms)


State 43

    3 terms: terms connective '(' term • ')'

    ')'  shift, and go to state 48


State 44

   19 predicate_term: PREDICATE '{' TAG '}' '(' • arguments ')'
   20               | PREDICATE '{' TAG '}' '(' • '(' terms ')' ')'

    PREDICATE           shift, and go to state 1
    IDENTIFIER          shift, and go to state 29
    KEYWORD_TRUEP       shift, and go to state 3
    NEG                 shift, and go to state 4
    '('                 shift, and go to state 49
    KEYWORD_QUANTIFIER  shift, and go to state 5
    TAG                 shift, and go to state 6

    terms            go to state 30
    term             go to state 9
    grammar_term     go to state 10
    predicate_term   go to state 11
    arguments        go to state 50
    argument         go to state 32
    quantified_term  go to state 12


State 45

    2 terms: terms • connective term
    3      | terms • connective '(' term ')'
    4      | terms • connective NEG term
    5      | terms • connective NEG '(' term ')'
   25 quantified_term: KEYWORD_QUANTIFIER IDENTIFIER '.' '(' terms • ')'

    ')'    shift, and go to state 51
    AND    shift, and go to state 20
    OR     shift, and go to state 21
    IMPLY  shift, and go to state 22
    EQUIV  shift, and go to state 23

    connective  go to state 24


State 46

   21 arguments: arguments COMMA argument •

    $default  reduce using rule 21 (arguments)


State 47

    5 terms: terms connective NEG '(' term • ')'

    ')'  shift, and go to state 52


State 48

    3 terms: terms connective '(' term ')' •

    $default  reduce using rule 3 (terms)


State 49

   20 predicate_term: PREDICATE '{' TAG '}' '(' '(' • terms ')' ')'

    PREDICATE           shift, and go to state 1
    IDENTIFIER          shift, and go to state 2
    KEYWORD_TRUEP       shift, and go to state 3
    NEG                 shift, and go to state 4
    KEYWORD_QUANTIFIER  shift, and go to state 5
    TAG                 shift, and go to state 6

    terms            go to state 53
    term             go to state 9
    grammar_term     go to state 10
    predicate_term   go to state 11
    quantified_term  go to state 12


State 50

   19 predicate_term: PREDICATE '{' TAG '}' '(' arguments • ')'
   21 arguments: arguments • COMMA argument

    COMMA  shift, and go to state 39
    ')'    shift, and go to state 54


State 51

   25 quantified_term: KEYWORD_QUANTIFIER IDENTIFIER '.' '(' terms ')' •

    $default  reduce using rule 25 (quantified_term)


State 52

    5 terms: terms connective NEG '(' term ')' •

    $default  reduce using rule 5 (terms)


State 53

    2 terms: terms • connective term
    3      | terms • connective '(' term ')'
    4      | terms • connective NEG term
    5      | terms • connective NEG '(' term ')'
   20 predicate_term: PREDICATE '{' TAG '}' '(' '(' terms • ')' ')'

    ')'    shift, and go to state 55
    AND    shift, and go to state 20
    OR     shift, and go to state 21
    IMPLY  shift, and go to state 22
    EQUIV  shift, and go to state 23

    connective  go to state 24


State 54

   19 predicate_term: PREDICATE '{' TAG '}' '(' arguments ')' •

    $default  reduce using rule 19 (predicate_term)


State 55

   20 predicate_term: PREDICATE '{' TAG '}' '(' '(' terms ')' • ')'

    ')'  shift, and go to state 56


State 56

   20 predicate_term: PREDICATE '{' TAG '}' '(' '(' terms ')' ')' •

    $default  reduce using rule 20 (predicate_term)
